Using pre-set license
Built from '2020.3/staging' branch; Version is '2020.3.17f1 (a4537701e4ab) revision 10769271'; Using compiler version '192528614'; Build Type 'Release'
OS: 'Windows 10 Home; OS build 19043.1288; Version 2009; 64bit' Language: 'en' Physical Memory: 6766 MB
BatchMode: 1, IsHumanControllingUs: 0, StartBugReporterOnCrash: 0, Is64bit: 1, IsPro: 0

COMMAND LINE ARGUMENTS:
C:\Program Files\Unity\Hub\Editor\2020.3.17f1\Editor\Unity.exe
-adb2
-batchMode
-noUpm
-name
AssetImportWorker22
-projectPath
C:/Users/Andris/Documents/GitHub/VRSetup/VR Room Project Andris
-logFile
Logs/AssetImportWorker22.log
-srvPort
60742
Successfully changed project path to: C:/Users/Andris/Documents/GitHub/VRSetup/VR Room Project Andris
C:/Users/Andris/Documents/GitHub/VRSetup/VR Room Project Andris
Using Asset Import Pipeline V2.
Refreshing native plugins compatible for Editor in 329.99 ms, found 10 plugins.
Preloading 1 native plugins for Editor in 3.37 ms.
Initialize engine version: 2020.3.17f1 (a4537701e4ab)
[Subsystems] Discovering subsystems at path C:/Program Files/Unity/Hub/Editor/2020.3.17f1/Editor/Data/Resources/UnitySubsystems
[Subsystems] Discovering subsystems at path C:/Users/Andris/Documents/GitHub/VRSetup/VR Room Project Andris/Assets
GfxDevice: creating device client; threaded=0
Direct3D:
    Version:  Direct3D 11.0 [level 11.1]
    Renderer: AMD Radeon(TM) R5 Graphics (ID=0x98e4)
    Vendor:   
    VRAM:     3383 MB
    Driver:   26.20.11026.12001
Initialize mono
Mono path[0] = 'C:/Program Files/Unity/Hub/Editor/2020.3.17f1/Editor/Data/Managed'
Mono path[1] = 'C:/Program Files/Unity/Hub/Editor/2020.3.17f1/Editor/Data/MonoBleedingEdge/lib/mono/unityjit'
Mono config path = 'C:/Program Files/Unity/Hub/Editor/2020.3.17f1/Editor/Data/MonoBleedingEdge/etc'
Using monoOptions --debugger-agent=transport=dt_socket,embedding=1,server=y,suspend=n,address=127.0.0.1:56396
Begin MonoManager ReloadAssembly
Registering precompiled unity dll's ...
Register platform support module: C:/Program Files/Unity/Hub/Editor/2020.3.17f1/Editor/Data/PlaybackEngines/WindowsStandaloneSupport/UnityEditor.WindowsStandalone.Extensions.dll
Registered in 0.006181 seconds.
Native extension for WindowsStandalone target not found
Refreshing native plugins compatible for Editor in 475.20 ms, found 10 plugins.
Preloading 1 native plugins for Editor in 0.24 ms.
Mono: successfully reloaded assembly
- Completed reload, in  6.512 seconds
Domain Reload Profiling:
	ReloadAssembly (6513ms)
		BeginReloadAssembly (812ms)
			ExecutionOrderSort (0ms)
			DisableScriptedObjects (0ms)
			BackupInstance (0ms)
			ReleaseScriptingObjects (0ms)
			CreateAndSetChildDomain (2ms)
		EndReloadAssembly (1938ms)
			LoadAssemblies (813ms)
			RebuildTransferFunctionScriptingTraits (0ms)
			SetupTypeCache (507ms)
			ReleaseScriptCaches (0ms)
			RebuildScriptCaches (119ms)
			SetupLoadedEditorAssemblies (938ms)
				LogAssemblyErrors (0ms)
				InitializePlatformSupportModulesInManaged (70ms)
				SetLoadedEditorAssemblies (1ms)
				RefreshPlugins (476ms)
				BeforeProcessingInitializeOnLoad (19ms)
				ProcessInitializeOnLoadAttributes (267ms)
				ProcessInitializeOnLoadMethodAttributes (105ms)
				AfterProcessingInitializeOnLoad (0ms)
				EditorAssembliesLoaded (1ms)
			ExecutionOrderSort2 (0ms)
			AwakeInstancesAfterBackupRestoration (0ms)
Platform modules already initialized, skipping
Registering precompiled user dll's ...
Registered in 0.065790 seconds.
Begin MonoManager ReloadAssembly
Native extension for WindowsStandalone target not found
Refreshing native plugins compatible for Editor in 148.89 ms, found 10 plugins.
Preloading 1 native plugins for Editor in 0.21 ms.
[XR] OculusXRPlugin: registering subsystems
[XR] Unable to register display lifecyle provider: [1]
[XR] Oculus Input lifecycle provider registered.
[XR] Unable to register input lifecyle provider: [1]
System.Reflection.TargetInvocationException: Exception has been thrown by the target of an invocation. ---> System.NullReferenceException: Object reference not set to an instance of an object
  at Unity.XR.Oculus.OculusLoader.AssetPathToAbsolutePath (System.String assetPath) [0x00048] in C:\Users\a00129244\OneDrive - Athlone Institute Of Technology\Desktop\Create VR room\VR Room Project Andris\Library\PackageCache\com.unity.xr.oculus@1.10.0\Runtime\OculusLoader.cs:250 
  at Unity.XR.Oculus.OculusLoader.EditorLoadOVRPlugin () [0x0007b] in C:\Users\a00129244\OneDrive - Athlone Institute Of Technology\Desktop\Create VR room\VR Room Project Andris\Library\PackageCache\com.unity.xr.oculus@1.10.0\Runtime\OculusLoader.cs:235 
  at (wrapper managed-to-native) System.Reflection.MonoMethod.InternalInvoke(System.Reflection.MonoMethod,object,object[],System.Exception&)
  at System.Reflection.MonoMethod.Invoke (System.Object obj, System.Reflection.BindingFlags invokeAttr, System.Reflection.Binder binder, System.Object[] parameters, System.Globalization.CultureInfo culture) [0x00032] in <695d1cc93cca45069c528c15c9fdd749>:0 
   --- End of inner exception stack trace ---
  at System.Reflection.MonoMethod.Invoke (System.Object obj, System.Reflection.BindingFlags invokeAttr, System.Reflection.Binder binder, System.Object[] parameters, System.Globalization.CultureInfo culture) [0x00048] in <695d1cc93cca45069c528c15c9fdd749>:0 
  at System.Reflection.MethodBase.Invoke (System.Object obj, System.Object[] parameters) [0x00000] in <695d1cc93cca45069c528c15c9fdd749>:0 
  at UnityEditor.EditorAssemblies.ProcessInitializeOnLoadMethodAttributes () [0x00047] in <d0e4b8c1204147f3935b6e9c8b8565ad>:0 
UnityEngine.StackTraceUtility:ExtractStackTrace ()
UnityEngine.DebugLogHandler:LogFormat (UnityEngine.LogType,UnityEngine.Object,string,object[])
UnityEngine.Logger:Log (UnityEngine.LogType,object)
UnityEngine.Debug:LogError (object)
UnityEditor.EditorAssemblies:ProcessInitializeOnLoadMethodAttributes ()

Mono: successfully reloaded assembly
- Completed reload, in  6.058 seconds
Domain Reload Profiling:
	ReloadAssembly (6061ms)
		BeginReloadAssembly (587ms)
			ExecutionOrderSort (0ms)
			DisableScriptedObjects (11ms)
			BackupInstance (0ms)
			ReleaseScriptingObjects (0ms)
			CreateAndSetChildDomain (50ms)
		EndReloadAssembly (5236ms)
			LoadAssemblies (847ms)
			RebuildTransferFunctionScriptingTraits (0ms)
			SetupTypeCache (907ms)
			ReleaseScriptCaches (1ms)
			RebuildScriptCaches (393ms)
			SetupLoadedEditorAssemblies (2754ms)
				LogAssemblyErrors (0ms)
				InitializePlatformSupportModulesInManaged (9ms)
				SetLoadedEditorAssemblies (0ms)
				RefreshPlugins (149ms)
				BeforeProcessingInitializeOnLoad (212ms)
				ProcessInitializeOnLoadAttributes (2281ms)
				ProcessInitializeOnLoadMethodAttributes (82ms)
				AfterProcessingInitializeOnLoad (20ms)
				EditorAssembliesLoaded (0ms)
			ExecutionOrderSort2 (0ms)
			AwakeInstancesAfterBackupRestoration (13ms)
Platform modules already initialized, skipping
========================================================================
Worker process is ready to serve import requests
Launched and connected shader compiler UnityShaderCompiler.exe after 0.38 seconds
Refreshing native plugins compatible for Editor in 4.13 ms, found 10 plugins.
Preloading 1 native plugins for Editor in 0.43 ms.
Unloading 3414 Unused Serialized files (Serialized files now loaded: 0)
System memory in use before: 152.2 MB.
System memory in use after: 152.4 MB.

Unloading 40 unused Assets to reduce memory usage. Loaded Objects now: 3872.
Total: 15.092600 ms (FindLiveObjects: 1.716500 ms CreateObjectMapping: 0.532400 ms MarkObjects: 12.621100 ms  DeleteObjects: 0.219000 ms)

AssetImportParameters requested are different than current active one (requested -> active):
  custom:framework-win-MediaFoundation: 216162199b28c13a410421893ffa2e32 -> 
  custom:video-decoder-ogg-theora: a1e56fd34408186e4bbccfd4996cb3dc -> 
  custom:container-muxer-webm: aa71ff27fc2769a1b78a27578f13a17b -> 
  custom:container-demuxer-webm: 4f35f7cbe854078d1ac9338744f61a02 -> 
  custom:container-demuxer-ogg: 62fdf1f143b41e24485cea50d1cbac27 -> 
  custom:video-encoder-webm-vp8: eb34c28f22e8b96e1ab97ce403110664 -> 
  custom:video-decoder-webm-vp8: 9c59270c3fd7afecdb556c50c9e8de78 -> 
  custom:audio-decoder-ogg-vorbis: bf7c407c2cedff20999df2af8eb42d56 -> 
  custom:audio-encoder-webm-vorbis: bf7c407c2cedff20999df2af8eb42d56 -> 
========================================================================
Received Import Request.
  path: Assets/_Course Library/Models/VR_Hand_Yellow.FBX
  artifactKey: Guid(f35cb61652fd6b14ab1932357338e065) Importer(815301076,1909f56bfc062723c751e8b465ee728b)
Start importing Assets/_Course Library/Models/VR_Hand_Yellow.FBX using Guid(f35cb61652fd6b14ab1932357338e065) Importer(815301076,1909f56bfc062723c751e8b465ee728b)  -> (artifact id: 'd9747867d1d75d25415122208a7c3a69') in 1.036566 seconds 
  Import took 1.052779 seconds .

========================================================================
Received Import Request.
  Time since last request: 0.053930 seconds.
  path: Assets/_Course Library/Materials/Object Materials/Material_Main.mat
  artifactKey: Guid(4f816cbd04e37fa47ae16f6a8a40a59d) Importer(815301076,1909f56bfc062723c751e8b465ee728b)
Start importing Assets/_Course Library/Materials/Object Materials/Material_Main.mat using Guid(4f816cbd04e37fa47ae16f6a8a40a59d) Importer(815301076,1909f56bfc062723c751e8b465ee728b)  -> (artifact id: 'cbff7885de8162f373196ac83bb9548c') in 0.079680 seconds 
  Import took 0.095786 seconds .

========================================================================
Received Import Request.
  Time since last request: 0.039982 seconds.
  path: Assets/_Course Library/Models/VR_Hand_B_1.fbx
  artifactKey: Guid(2cc8b85eef177804ca7b98dd2ee74926) Importer(815301076,1909f56bfc062723c751e8b465ee728b)
Start importing Assets/_Course Library/Models/VR_Hand_B_1.fbx using Guid(2cc8b85eef177804ca7b98dd2ee74926) Importer(815301076,1909f56bfc062723c751e8b465ee728b)  -> (artifact id: '85b6d08a94786970bff29db922c45b9a') in 0.082126 seconds 
  Import took 0.114758 seconds .

========================================================================
Received Import Request.
  Time since last request: 0.076051 seconds.
  path: Assets/_Course Library/Models/VR_Hand_Blue.FBX
  artifactKey: Guid(1e0aa385a29277f44abdc9f94a611727) Importer(815301076,1909f56bfc062723c751e8b465ee728b)
Start importing Assets/_Course Library/Models/VR_Hand_Blue.FBX using Guid(1e0aa385a29277f44abdc9f94a611727) Importer(815301076,1909f56bfc062723c751e8b465ee728b)  -> (artifact id: 'faa29c70c0826a758c0ab3d6f986d686') in 0.074975 seconds 
  Import took 0.095034 seconds .

========================================================================
Received Import Request.
  Time since last request: 0.031973 seconds.
  path: Assets/_Course Library/Materials/Solid Colors/GreyDark.mat
  artifactKey: Guid(6125db37fb54a4b15838d52b52aad792) Importer(815301076,1909f56bfc062723c751e8b465ee728b)
Start importing Assets/_Course Library/Materials/Solid Colors/GreyDark.mat using Guid(6125db37fb54a4b15838d52b52aad792) Importer(815301076,1909f56bfc062723c751e8b465ee728b)  -> (artifact id: 'e111214d6b0b55c905507256115b39f9') in 0.028520 seconds 
  Import took 0.041103 seconds .

========================================================================
Received Import Request.
  Time since last request: 0.310611 seconds.
  path: Assets/_Course Library/Materials/Solid Colors/Red.mat
  artifactKey: Guid(8313b7f851584554aa895abc637c721f) Importer(815301076,1909f56bfc062723c751e8b465ee728b)
Start importing Assets/_Course Library/Materials/Solid Colors/Red.mat using Guid(8313b7f851584554aa895abc637c721f) Importer(815301076,1909f56bfc062723c751e8b465ee728b)  -> (artifact id: '8b1b81f34a8b7400b75d865063629393') in 0.053313 seconds 
  Import took 0.065472 seconds .

========================================================================
Received Import Request.
  Time since last request: 0.096880 seconds.
  path: Assets/_Course Library/Models/VR_Hand_Grey.FBX
  artifactKey: Guid(86f028fd990ed624caae1b2da6f1d8a5) Importer(815301076,1909f56bfc062723c751e8b465ee728b)
Start importing Assets/_Course Library/Models/VR_Hand_Grey.FBX using Guid(86f028fd990ed624caae1b2da6f1d8a5) Importer(815301076,1909f56bfc062723c751e8b465ee728b)  -> (artifact id: 'd200794b77855493acb9fcd771ed2218') in 0.078206 seconds 
  Import took 0.107522 seconds .

AssetImportWorkerClient::OnTransportError - code=2 error=End of file
