Using pre-set license
Built from '2020.3/staging' branch; Version is '2020.3.17f1 (a4537701e4ab) revision 10769271'; Using compiler version '192528614'; Build Type 'Release'
OS: 'Windows 10 Home; OS build 19043.1288; Version 2009; 64bit' Language: 'en' Physical Memory: 6766 MB
BatchMode: 1, IsHumanControllingUs: 0, StartBugReporterOnCrash: 0, Is64bit: 1, IsPro: 0

COMMAND LINE ARGUMENTS:
C:\Program Files\Unity\Hub\Editor\2020.3.17f1\Editor\Unity.exe
-adb2
-batchMode
-noUpm
-name
AssetImportWorker13
-projectPath
C:/Users/Andris/Documents/GitHub/VRSetup/VR Room Project Andris
-logFile
Logs/AssetImportWorker13.log
-srvPort
60742
Successfully changed project path to: C:/Users/Andris/Documents/GitHub/VRSetup/VR Room Project Andris
C:/Users/Andris/Documents/GitHub/VRSetup/VR Room Project Andris
Using Asset Import Pipeline V2.
